<?xml version="1.0" encoding="UTF-8"?>
<!-- Generated by org.testng.reporters.JUnitReportReporter -->
<testsuite hostname="CIBL273310" name="com.test.maven.selenium.DemoForMaven" tests="2" failures="0" timestamp="9 Nov 2017 06:16:38 GMT" time="0.013" errors="0">
  <testcase name="MethodTwo" time="0.002" classname="com.test.maven.selenium.DemoForMaven"/>
  <testcase name="MethodOne" time="0.011" classname="com.test.maven.selenium.DemoForMaven"/>
</testsuite> <!-- com.test.maven.selenium.DemoForMaven -->
